<?xml version="1.0" encoding="UTF-8"?>
<!-- Generated by org.testng.reporters.JUnitReportReporter -->
<testsuite hostname="DESKTOP-EKPD0AC" failures="0" tests="3" name="package1.Project1.TC3_LoginToAmazonSearchingLogout" time="558.981" errors="1" timestamp="2025-10-19T13:59:18 IST" skipped="2">
  <testcase classname="package1.Project1.TC3_LoginToAmazonSearchingLogout" name="withValidCred" time="186.026">
    <error message="Expected condition failed: waiting for title to contain &quot;signin&quot;. Current title: &quot;Amazon Sign In&quot; (tried for 10 second(s) with 500 milliseconds interval)
Build info: version: &#039;4.35.0&#039;, revision: &#039;1c58e5028b&#039;
System info: os.name: &#039;Windows 10&#039;, os.arch: &#039;amd64&#039;, os.version: &#039;10.0&#039;, java.version: &#039;21.0.7&#039;
Driver info: org.openqa.selenium.chrome.ChromeDriver
Capabilities {acceptInsecureCerts: false, browserName: chrome, browserVersion: 141.0.7390.66, chrome: {chromedriverVersion: 141.0.7390.78 (2b53b0e231fc..., userDataDir: C:\Users\admin\AppData\Loca...}, fedcm:accounts: true, goog:chromeOptions: {debuggerAddress: localhost:61858}, networkConnectionEnabled: false, pageLoadStrategy: normal, platformName: windows, proxy: Proxy(), se:cdp: ws://localhost:61858/devtoo..., se:cdpVersion: 141.0.7390.66, setWindowRect: true, strictFileInteractability: false, timeouts: {implicit: 0, pageLoad: 300000, script: 30000}, unhandledPromptBehavior: dismiss and notify, webauthn:extension:credBlob: true, webauthn:extension:largeBlob: true, webauthn:extension:minPinLength: true, webauthn:extension:prf: true, webauthn:virtualAuthenticators: true}
Session ID: 4565b2b391f8454f028bf5451969c80f" type="org.openqa.selenium.TimeoutException">
      <![CDATA[org.openqa.selenium.TimeoutException: Expected condition failed: waiting for title to contain "signin". Current title: "Amazon Sign In" (tried for 10 second(s) with 500 milliseconds interval)
Build info: version: '4.35.0', revision: '1c58e5028b'
System info: os.name: 'Windows 10', os.arch: 'amd64', os.version: '10.0', java.version: '21.0.7'
Driver info: org.openqa.selenium.chrome.ChromeDriver
Capabilities {acceptInsecureCerts: false, browserName: chrome, browserVersion: 141.0.7390.66, chrome: {chromedriverVersion: 141.0.7390.78 (2b53b0e231fc..., userDataDir: C:\Users\admin\AppData\Loca...}, fedcm:accounts: true, goog:chromeOptions: {debuggerAddress: localhost:61858}, networkConnectionEnabled: false, pageLoadStrategy: normal, platformName: windows, proxy: Proxy(), se:cdp: ws://localhost:61858/devtoo..., se:cdpVersion: 141.0.7390.66, setWindowRect: true, strictFileInteractability: false, timeouts: {implicit: 0, pageLoad: 300000, script: 30000}, unhandledPromptBehavior: dismiss and notify, webauthn:extension:credBlob: true, webauthn:extension:largeBlob: true, webauthn:extension:minPinLength: true, webauthn:extension:prf: true, webauthn:virtualAuthenticators: true}
Session ID: 4565b2b391f8454f028bf5451969c80f
at org.openqa.selenium.support.ui.WebDriverWait.timeoutException(WebDriverWait.java:84)
at org.openqa.selenium.support.ui.FluentWait.until(FluentWait.java:228)
at package1.Project1.TC3_LoginToAmazonSearchingLogout.withValidCred(TC3_LoginToAmazonSearchingLogout.java:28)
at java.base/jdk.internal.reflect.DirectMethodHandleAccessor.invoke(DirectMethodHandleAccessor.java:103)
at java.base/java.lang.reflect.Method.invoke(Method.java:580)
at org.testng.internal.invokers.MethodInvocationHelper.invokeMethod(MethodInvocationHelper.java:141)
at org.testng.internal.invokers.TestInvoker.invokeMethod(TestInvoker.java:687)
at org.testng.internal.invokers.TestInvoker.retryFailed(TestInvoker.java:269)
at org.testng.internal.invokers.MethodRunner.runInSequence(MethodRunner.java:76)
at org.testng.internal.invokers.TestInvoker$MethodInvocationAgent.invoke(TestInvoker.java:995)
at org.testng.internal.invokers.TestInvoker.invokeTestMethods(TestInvoker.java:203)
at org.testng.internal.invokers.TestMethodWorker.invokeTestMethods(TestMethodWorker.java:154)
at org.testng.internal.invokers.TestMethodWorker.run(TestMethodWorker.java:134)
at java.base/java.util.ArrayList.forEach(ArrayList.java:1596)
at org.testng.TestRunner.privateRun(TestRunner.java:741)
at org.testng.TestRunner.run(TestRunner.java:616)
at org.testng.SuiteRunner.runTest(SuiteRunner.java:421)
at org.testng.SuiteRunner.runSequentially(SuiteRunner.java:413)
at org.testng.SuiteRunner.privateRun(SuiteRunner.java:373)
at org.testng.SuiteRunner.run(SuiteRunner.java:312)
at org.testng.SuiteRunnerWorker.runSuite(SuiteRunnerWorker.java:52)
at org.testng.SuiteRunnerWorker.run(SuiteRunnerWorker.java:95)
at org.testng.TestNG.runSuitesSequentially(TestNG.java:1274)
at org.testng.TestNG.runSuitesLocally(TestNG.java:1208)
at org.testng.TestNG.runSuites(TestNG.java:1112)
at org.testng.TestNG.run(TestNG.java:1079)
at org.testng.remote.AbstractRemoteTestNG.run(AbstractRemoteTestNG.java:115)
at org.testng.remote.RemoteTestNG.initAndRun(RemoteTestNG.java:293)
at org.testng.remote.RemoteTestNG.main(RemoteTestNG.java:91)
]]>
    </error>
    <system-out>
      <![CDATA[Since Tc failed, it has to be retried 2 times
TC fail and Listener logic started
Screenshot complete on Failure]]>
    </system-out>
  </testcase> <!-- withValidCred -->
  <testcase classname="package1.Project1.TC3_LoginToAmazonSearchingLogout" name="withValidCred" time="185.853">
    <skipped/>
    <system-out>
      <![CDATA[Since Tc failed, it has to be retried 2 times]]>
    </system-out>
  </testcase> <!-- withValidCred -->
  <testcase classname="package1.Project1.TC3_LoginToAmazonSearchingLogout" name="withValidCred" time="187.102">
    <skipped/>
    <system-out>
      <![CDATA[Since Tc failed, it has to be retried 2 times]]>
    </system-out>
  </testcase> <!-- withValidCred -->
  <system-out>
    <![CDATA[Chrome browser is launched
Amazon website is launched
Chrome browser is launched
Amazon website is launched
Since Tc failed, it has to be retried 2 times
Chrome browser is launched
Amazon website is launched
Since Tc failed, it has to be retried 2 times
Chrome browser is launched
Amazon website is launched
Since Tc failed, it has to be retried 2 times
TC fail and Listener logic started
Screenshot complete on Failure
Chrome browser is launched
Amazon website is launched
Since Tc failed, it has to be retried 2 times
Chrome browser is launched
Amazon website is launched
Since Tc failed, it has to be retried 2 times
Chrome browser is launched
Amazon website is launched
Since Tc failed, it has to be retried 2 times
TC fail and Listener logic started
Screenshot complete on Failure]]>
  </system-out>
</testsuite> <!-- package1.Project1.TC3_LoginToAmazonSearchingLogout -->
